
SQL*Loader: Release 10.2.0.1.0 - Production on 星期二 10月 16 14:23:05 2012

Copyright (c) 1982, 2005, Oracle.  All rights reserved.

Control File:   /app/yxt52/apache-tomcat-6.0.14/webapps/business/WEB-INF/classes/Service/Tasks/WhiteListSvr/LoadWhiteTemp.ctl
Data File:      /app/yxt52/apache-tomcat-6.0.14/webapps/business/WEB-INF/classes/Service/Tasks/WhiteListSvr/file/BWListFileBackUp/2012-10-16/3_0_20121016022301_1_1310_new.txt
  Bad File:     /app/yxt52/apache-tomcat-6.0.14/webapps/business/WEB-INF/classes/Service/Tasks/WhiteListSvr/file/BWListLoadLogFile//3_0_20121016022301_1_1310.bad
  Discard File:  none specified
 
 (Allow all discards)

Number to load: ALL
Number to skip: 0
Errors allowed: 50
Bind array:     50000 rows, maximum of 2000000 bytes
Continuation:    none specified
Path used:      Conventional

Table TL_WHITE_CH_TEMP, loaded from every logical record.
Insert option in effect for this table: APPEND

   Column Name                  Position   Len  Term Encl Datatype
------------------------------ ---------- ----- ---- ---- ---------------------
UPLOADTYPE                          FIRST     *   |       CHARACTER            
NUMID                                NEXT     *   |       CHARACTER            
    SQL string for column : "tlseq_white_Temp.NEXTVAL"
UPLOADMODE                           NEXT     *   |       CHARACTER            
LOGID                                NEXT     *   |       CHARACTER            
VC2MOBILE                            NEXT     *   |       CHARACTER            

value used for ROWS parameter changed from 50000 to 1550

Table TL_WHITE_CH_TEMP:
  1 Row successfully loaded.
  0 Rows not loaded due to data errors.
  0 Rows not loaded because all WHEN clauses were failed.
  0 Rows not loaded because all fields were null.


Space allocated for bind array:                1999500 bytes(1550 rows)
Read   buffer bytes: 2000000

Total logical records skipped:          0
Total logical records read:             1
Total logical records rejected:         0
Total logical records discarded:        0

Run began on 星期二 10月 16 14:23:05 2012
Run ended on 星期二 10月 16 14:23:05 2012

Elapsed time was:     00:00:00.06
CPU time was:         00:00:00.01
