
SQL*Loader: Release 10.2.0.1.0 - Production on 星期四 10月 25 11:12:56 2012

Copyright (c) 1982, 2005, Oracle.  All rights reserved.

Control File:   /app/yxt52/apache-tomcat-6.0.14/webapps/business/WEB-INF/classes/Service/Tasks/SMSListSvr/SendList_tmp.ctl
Data File:      /app/yxt52/apache-tomcat-6.0.14/webapps/business/WEB-INF/classes/Service/Tasks/SMSListSvr/file/SMSListFileBackUp/2012-10-25/15063_905639_1_20121025111213_2824_file_new.txt
  Bad File:     /app/yxt52/apache-tomcat-6.0.14/webapps/business/WEB-INF/classes/Service/Tasks/SMSListSvr/file/SMSLoadLogFile//15063_905639_1_20121025111213_2824_file.bad
  Discard File:  none specified
 
 (Allow all discards)

Number to load: ALL
Number to skip: 0
Errors allowed: 50
Bind array:     50000 rows, maximum of 2000000 bytes
Continuation:    none specified
Path used:      Conventional

Table TL_SMS_CONTENT_CH_TEMP, loaded from every logical record.
Insert option in effect for this table: APPEND

   Column Name                  Position   Len  Term Encl Datatype
------------------------------ ---------- ----- ---- ---- ---------------------
VC2MOBILE                           FIRST  4000   &       CHARACTER            
NUMCONTENTID                         NEXT     *   &       CHARACTER            

value used for ROWS parameter changed from 50000 to 469

Table TL_SMS_CONTENT_CH_TEMP:
  250000 Rows successfully loaded.
  0 Rows not loaded due to data errors.
  0 Rows not loaded because all WHEN clauses were failed.
  0 Rows not loaded because all fields were null.


Space allocated for bind array:                1997940 bytes(469 rows)
Read   buffer bytes: 2000000

Total logical records skipped:          0
Total logical records read:        250000
Total logical records rejected:         0
Total logical records discarded:        0

Run began on 星期四 10月 25 11:12:56 2012
Run ended on 星期四 10月 25 11:13:06 2012

Elapsed time was:     00:00:10.08
CPU time was:         00:00:00.58
