
SQL*Loader: Release 10.2.0.1.0 - Production on 星期三 12月 19 15:19:26 2012

Copyright (c) 1982, 2005, Oracle.  All rights reserved.


Control File:   /app/yxt52/apache-tomcat-6.0.14/webapps/business/WEB-INF/classes/Service/Tasks/UserGroups/UserGroup_Temp.ctl
Data File:      /app/yxt52/apache-tomcat-6.0.14/webapps/business/WEB-INF/classes/Service/Tasks/UserGroups/file/UserGroupsBackUp/2012-12-19/2_0_20121219151921_2679_2632_new.txt
  Bad File:     /app/yxt52/apache-tomcat-6.0.14/webapps/business/WEB-INF/classes/Service/Tasks/UserGroups/file/UserGroupsLoadLogFile//2_0_20121219151921_2679_2632.bad
  Discard File:  none specified
 
 (Allow all discards)

Number to load: ALL
Number to skip: 0
Errors allowed: 50
Bind array:     50000 rows, maximum of 2000000 bytes
Continuation:    none specified
Path used:      Conventional

Table TL_USERGROUP_MEMBER_CH_TEMP, loaded from every logical record.
Insert option in effect for this table: APPEND

   Column Name                  Position   Len  Term Encl Datatype
------------------------------ ---------- ----- ---- ---- ---------------------
VC2MOBILE                           FIRST     *   |       CHARACTER            
VC2NAME                              NEXT     *   |       CHARACTER            
NUMLOGID                             NEXT     *   |       CHARACTER            
NUMUSERGROUPMEMBERIDTEMP             NEXT     *   |       CHARACTER            
    SQL string for column : "TLSEQ_COLUMN_MEMBER.NEXTVAL"
DATCREATTIME                                              SYSDATE

value used for ROWS parameter changed from 50000 to 1937

Table TL_USERGROUP_MEMBER_CH_TEMP:
  5 Rows successfully loaded.
  0 Rows not loaded due to data errors.
  0 Rows not loaded because all WHEN clauses were failed.
  0 Rows not loaded because all fields were null.


Space allocated for bind array:                1998984 bytes(1937 rows)
Read   buffer bytes: 2000000

Total logical records skipped:          0
Total logical records read:             5
Total logical records rejected:         0
Total logical records discarded:        0

Run began on 星期三 12月 19 15:19:26 2012
Run ended on 星期三 12月 19 15:19:26 2012

Elapsed time was:     00:00:00.11
CPU time was:         00:00:00.01
